2018-01-09/23:27:27 [INF] [log.go:22] [_/E_/golang/src/service/tools.LogInfo] info log test
2018-01-09/23:27:27 [INF] [log.go:22] [_/E_/golang/src/service/tools.LogInfo] hello world
2018-01-10/22:17:47 [INF] [log.go:22] [_/E_/golang/src/service/tools.LogInfo] [info log test]
2018-01-10/22:17:47 [INF] [log.go:22] [_/E_/golang/src/service/tools.LogInfo] [hello world]
2018-01-10/22:18:01 [INF] [log.go:22] [_/E_/golang/src/service/tools.LogInfo] [info log test]
2018-01-10/22:18:01 [INF] [log.go:22] [_/E_/golang/src/service/tools.LogInfo] [hello world]
2018-01-10/22:50:21 [INF] [log.go:22] [_/E_/golang/src/service/tools.LogInfo] [info log test]
2018-01-10/22:50:21 [INF] [log.go:22] [_/E_/golang/src/service/tools.LogInfo] [hello world]
2018-01-10/22:50:21 [DBG] [log.go:32] [_/E_/golang/src/service/tools.Debug] [0xc042004160]
2018-01-10/22:51:11 [INF] [log.go:22] [_/E_/golang/src/service/tools.LogInfo] [info log test]
2018-01-10/22:51:11 [INF] [log.go:22] [_/E_/golang/src/service/tools.LogInfo] [hello world]
2018-01-10/22:51:11 [DBG] [log.go:32] [_/E_/golang/src/service/tools.Debug] [0xc042180010]
2018-01-10/22:52:29 [INF] [log.go:22] [_/E_/golang/src/service/tools.LogInfo] [info log test]
2018-01-10/22:52:29 [INF] [log.go:22] [_/E_/golang/src/service/tools.LogInfo] [hello world]
2018-01-10/22:52:29 [DBG] [log.go:32] [_/E_/golang/src/service/tools.Debug] [0xc04210e048]
2018-01-10/22:53:19 [INF] [log.go:22] [_/E_/golang/src/service/tools.LogInfo] [info log test]
2018-01-10/22:53:19 [INF] [log.go:22] [_/E_/golang/src/service/tools.LogInfo] [hello world]
2018-01-10/22:53:19 [DBG] [log.go:32] [_/E_/golang/src/service/tools.Debug] [map[password:123456 salt:123456 log_time: status:1 id:1 name:test]]
2018-01-10/23:00:40 [INF] [log.go:22] [_/E_/golang/src/service/tools.LogInfo] [info log test]
2018-01-10/23:00:40 [INF] [log.go:22] [_/E_/golang/src/service/tools.LogInfo] [hello world]
2018-01-10/23:00:40 [DBG] [log.go:32] [_/E_/golang/src/service/tools.Debug] [map[id:1 name:test password:123456 salt:123456 log_time: status:1]]
2018-01-10/23:07:07 [INF] [log.go:22] [_/E_/golang/src/service/tools.LogInfo] [info log test]
2018-01-10/23:07:07 [INF] [log.go:22] [_/E_/golang/src/service/tools.LogInfo] [hello world]
2018-01-10/23:07:07 [DBG] [log.go:32] [_/E_/golang/src/service/tools.Debug] [map[salt:123456 log_time: status:1 id:1 name:test password:123456]]
2018-01-10/23:08:52 [INF] [log.go:22] [_/E_/golang/src/service/tools.LogInfo] [info log test]
2018-01-10/23:08:52 [INF] [log.go:22] [_/E_/golang/src/service/tools.LogInfo] [hello world]
2018-01-10/23:08:52 [DBG] [log.go:32] [_/E_/golang/src/service/tools.Debug] [map[password:123456 salt:123456 log_time: status:1 id:1 name:test]]
2018-01-10/23:14:55 [INF] [log.go:22] [_/E_/golang/src/service/tools.LogInfo] [info log test]
2018-01-10/23:14:55 [INF] [log.go:22] [_/E_/golang/src/service/tools.LogInfo] [hello world]
2018-01-10/23:14:55 [DBG] [log.go:32] [_/E_/golang/src/service/tools.Debug] [map[status:1 id:1 name:test password:123456 salt:123456 log_time:]]
2018-01-10/23:19:10 [INF] [log.go:22] [_/E_/golang/src/service/tools.LogInfo] [info log test]
2018-01-10/23:19:10 [INF] [log.go:22] [_/E_/golang/src/service/tools.LogInfo] [hello world]
2018-01-10/23:19:10 [DBG] [log.go:32] [_/E_/golang/src/service/tools.Debug] [map[log_time: status:1 id:1 name:test password:123456 salt:123456]]
2018-01-10/23:22:03 [INF] [log.go:22] [_/E_/golang/src/service/tools.LogInfo] [info log test]
2018-01-10/23:22:03 [INF] [log.go:22] [_/E_/golang/src/service/tools.LogInfo] [hello world]
2018-01-10/23:22:03 [DBG] [log.go:32] [_/E_/golang/src/service/tools.Debug] [map[salt:123456 log_time: status:1 id:1 name:test password:123456]]
2018-01-10/23:29:24 [INF] [log.go:22] [_/E_/golang/src/service/tools.LogInfo] [info log test]
2018-01-10/23:29:24 [INF] [log.go:22] [_/E_/golang/src/service/tools.LogInfo] [hello world]
2018-01-10/23:29:24 [DBG] [log.go:32] [_/E_/golang/src/service/tools.Debug] [map[salt:123456 log_time: status:1 id:1 name:test password:123456]]
2018-01-11/23:36:39 [INF] [log.go:22] [_/E_/golang/src/service/tools.LogInfo] [info log test]
2018-01-11/23:36:39 [INF] [log.go:22] [_/E_/golang/src/service/tools.LogInfo] [hello world]
2018-01-11/23:36:39 [DBG] [log.go:32] [_/E_/golang/src/service/tools.Debug] [map[name:test password:123456 salt:123456 log_time: status:1 id:1]]
2018-01-12/22:36:46 [INF] [log.go:22] [_/E_/golang/src/service/tools.LogInfo] [info log test]
2018-01-12/22:36:46 [INF] [log.go:22] [_/E_/golang/src/service/tools.LogInfo] [hello world]
2018-01-12/22:36:46 [DBG] [log.go:32] [_/E_/golang/src/service/tools.Debug] [map[id:1 name:test password:123456 salt:123456 log_time: status:1]]
2018-01-12/22:37:43 [INF] [log.go:22] [_/E_/golang/src/service/tools.LogInfo] [info log test]
2018-01-12/22:37:43 [INF] [log.go:22] [_/E_/golang/src/service/tools.LogInfo] [hello world]
2018-01-12/22:37:43 [DBG] [log.go:32] [_/E_/golang/src/service/tools.Debug] [map[id:1 name:test password:123456 salt:123456 log_time: status:1]]
2018-01-12/22:39:25 [INF] [log.go:22] [_/E_/golang/src/service/tools.LogInfo] [info log test]
2018-01-12/22:39:25 [INF] [log.go:22] [_/E_/golang/src/service/tools.LogInfo] [hello world]
2018-01-12/22:39:25 [DBG] [log.go:32] [_/E_/golang/src/service/tools.Debug] [map[salt:123456 log_time: status:1 id:1 name:test password:123456]]
2018-01-12/22:39:25 [INF] [log.go:22] [_/E_/golang/src/service/tools.LogInfo] [f=f1&sfasdfs=dsfs&dddd=12235722&sign=12235722&c=c1&]
2018-01-12/22:39:25 [INF] [log.go:22] [_/E_/golang/src/service/tools.LogInfo] [66cb6c0c1a7aac6192530834fe2e9f77]
2018-01-12/22:41:37 [INF] [log.go:22] [_/E_/golang/src/service/tools.LogInfo] [info log test]
2018-01-12/22:41:37 [INF] [log.go:22] [_/E_/golang/src/service/tools.LogInfo] [hello world]
2018-01-12/22:41:37 [DBG] [log.go:32] [_/E_/golang/src/service/tools.Debug] [map[id:1 name:test password:123456 salt:123456 log_time: status:1]]
2018-01-12/22:41:37 [INF] [log.go:22] [_/E_/golang/src/service/tools.LogInfo] [c=c1&dddd=12235722&f=f1&sfasdfs=dsfs&sign=12235722&]
2018-01-12/22:41:37 [INF] [log.go:22] [_/E_/golang/src/service/tools.LogInfo] [d794554f12c393529d63b58b3bd2d7f3]
2018-01-12/22:42:14 [INF] [log.go:22] [_/E_/golang/src/service/tools.LogInfo] [info log test]
2018-01-12/22:42:14 [INF] [log.go:22] [_/E_/golang/src/service/tools.LogInfo] [hello world]
2018-01-12/22:42:14 [DBG] [log.go:32] [_/E_/golang/src/service/tools.Debug] [map[status:1 id:1 name:test password:123456 salt:123456 log_time:]]
2018-01-12/22:42:14 [INF] [log.go:22] [_/E_/golang/src/service/tools.LogInfo] [c=c1&dddd=12235722&f=f1&sfasdfs=dsfs&sign=12235722&]
2018-01-12/22:42:14 [INF] [log.go:22] [_/E_/golang/src/service/tools.LogInfo] [d794554f12c393529d63b58b3bd2d7f3]
2018-01-12/22:43:50 [INF] [log.go:22] [_/E_/golang/src/service/tools.LogInfo] [info log test]
2018-01-12/22:43:50 [INF] [log.go:22] [_/E_/golang/src/service/tools.LogInfo] [hello world]
2018-01-12/22:43:50 [DBG] [log.go:32] [_/E_/golang/src/service/tools.Debug] [map[id:1 name:test password:123456 salt:123456 log_time: status:1]]
2018-01-12/22:43:50 [INF] [log.go:22] [_/E_/golang/src/service/tools.LogInfo] [c=c1&dddd=12235722&f=f1&sfasdfs=dsfs&]
2018-01-12/22:43:50 [INF] [log.go:22] [_/E_/golang/src/service/tools.LogInfo] [c725ad64bd5f4c26a70f3be070732dab]
2018-01-12/22:44:03 [INF] [log.go:22] [_/E_/golang/src/service/tools.LogInfo] [info log test]
2018-01-12/22:44:03 [INF] [log.go:22] [_/E_/golang/src/service/tools.LogInfo] [hello world]
2018-01-12/22:44:03 [DBG] [log.go:32] [_/E_/golang/src/service/tools.Debug] [map[id:1 name:test password:123456 salt:123456 log_time: status:1]]
2018-01-12/22:44:03 [INF] [log.go:22] [_/E_/golang/src/service/tools.LogInfo] [c=c1&dddd=12235722&f=f1&sfasdfs=dsfs&]
2018-01-12/22:44:03 [INF] [log.go:22] [_/E_/golang/src/service/tools.LogInfo] [c725ad64bd5f4c26a70f3be070732dab]
2018-01-17/23:20:34 [INF] [log.go:22] [_/E_/golang/src/service/tools.LogInfo] [[0 0 0 0 0 0 0 0 0 0 0 0 0 0 0 0 0 0 0 0 0 0 0 0 0 0 0 0 0 0 0 0 0 0 0 0 0 0 0 0 0 0 0 0 0 0 0 0]]
2018-01-17/23:21:27 [INF] [log.go:22] [_/E_/golang/src/service/tools.LogInfo] [[0 0 0 0 0 0 0 0 0 0 0 0 0 0 0 0 0 0 0 0 0 0 0 0 0 0 0 0 0 0 0 0 0 0 0 0 0 0 0 0 0 0 0 0 0 0 0 0]]
2018-01-17/23:24:03 [INF] [log.go:22] [_/E_/golang/src/service/tools.LogInfo] [[0 0 0 0 0 0 0 0 0 0 0 0 0 0 0 0 0 0 0 0 0 0 0 0 0 0 0 0 0 0 0 0 0 0 0 0 0 0 0 0 0 0 0 0 0 0 0 0]]
2018-01-17/23:24:59 [INF] [log.go:22] [_/E_/golang/src/service/tools.LogInfo] [[0 0 0 0 0 0 0 0 0 0 0 0 0 0 0 0 0 0 0 0 0 0 0 0 0 0 0 0 0 0 0 0 0 0 0 0 0 0 0 0 0 0 0 0 0 0 0 0]]
2018-01-17/23:25:55 [INF] [log.go:22] [_/E_/golang/src/service/tools.LogInfo] [[0 0 0 0 0 0 0 0 0 0 0 0 0 0 0 0 0 0 0 0 0 0 0 0 0 0 0 0 0 0 0 0 0 0 0 0 0 0 0 0 0 0 0 0 0 0 0 0]]
2018-01-17/23:28:55 [INF] [log.go:22] [_/E_/golang/src/service/tools.LogInfo] [[0 0 0 0 0 0 0 0 0 0 0 0 0 0 0 0 0 0 0 0 0 0 0 0 0 0 0 0 0 0 0 0 0 0 0 0 0 0 0 0 0 0 0 0 0 0 0 0]]
2018-01-17/23:29:25 [INF] [log.go:22] [_/E_/golang/src/service/tools.LogInfo] [[0 0 0 0 0 0 0 0 0 0 0 0 0 0 0 0 0 0 0 0 0 0 0 0 0 0 0 0 0 0 0 0 0 0 0 0 0 0 0 0 0 0 0 0 0 0 0 0]]
2018-01-17/23:34:47 [INF] [log.go:22] [_/E_/golang/src/service/tools.LogInfo] [[0 0 0 0 0 0 0 0 0 0 0 0 0 0 0 0 0 0 0 0 0 0 0 0 0 0 0 0 0 0 0 0 0 0 0 0 0 0 0 0 0 0 0 0 0 0 0 0]]
2018-01-17/23:35:05 [INF] [log.go:22] [_/E_/golang/src/service/tools.LogInfo] [[0 0 0 0 0 0 0 0 0 0 0 0 0 0 0 0 0 0 0 0 0 0 0 0 0 0 0 0 0 0 0 0 0 0 0 0 0 0 0 0 0 0 0 0 0 0 0 0]]
2018-01-17/23:35:42 [INF] [log.go:22] [_/E_/golang/src/service/tools.LogInfo] [[0 0 0 0 0 0 0 0 0 0 0 0 0 0 0 0 0 0 0 0 0 0 0 0 0 0 0 0 0 0 0 0 0 0 0 0 0 0 0 0 0 0 0 0 0 0 0 0]]
2018-01-19/23:00:24 [INF] [log.go:22] [_/E_/golang/src/service/tools.LogInfo] [[0 0 0 0 0 0 0 0 0 0 0 0 0 0 0 0 0 0 0 0 0 0 0 0 0 0 0 0 0 0 0 0 0 0 0 0 0 0 0 0 0 0 0 0 0 0 0 0]]
2018-01-19/23:03:59 [INF] [log.go:22] [_/E_/golang/src/service/tools.LogInfo] [[0 0 0 0 0 0 0 0 0 0 0 0 0 0 0 0 0 0 0 0 0 0 0 0 0 0 0 0 0 0 0 0 0 0 0 0 0 0 0 0 0 0 0 0 0 0 0 0]]
2018-01-19/23:11:37 [INF] [log.go:22] [_/E_/golang/src/service/tools.LogInfo] [[196 233 228 182 39 165 77 189 155 61 132 219 147 188 214 75 11 224 40 14 47 144 63 234 120 132 104 201 177 248 45 101 213 69 231 23 48 160 99 73 58 141 28 124 236 192 248 195]]
2018-01-19/23:14:54 [INF] [log.go:22] [_/E_/golang/src/service/tools.LogInfo] [[0 0 0 0 0 0 0 0 0 0 0 0 0 0 0 0 0 0 0 0 0 0 0 0 0 0 0 0 0 0 0 0 0 0 0 0 0 0 0 0 0 0 0 0 0 0 0 0]]
2018-01-24/23:15:01 [INF] [log.go:22] [_/E_/golang/src/service/tools.LogInfo] [[0 0 0 0 0 0 0 0 0 0 0 0 0 0 0 0 0 0 0 0 0 0 0 0 0 0 0 0 0 0 0 0 0 0 0 0 0 0 0 0 0 0 0 0 0 0 0 0]]
2018-01-25/23:03:57 [INF] [log.go:22] [_/E_/golang/src/service/tools.LogInfo] [[0 0 0 0 0 0 0 0 0 0 0 0 0 0 0 0 0 0 0 0 0 0 0 0 0 0 0 0 0 0 0 0 0 0 0 0 0 0 0 0 0 0 0 0 0 0 0 0]]
2018-01-25/23:16:58 [INF] [log.go:22] [_/E_/golang/src/service/tools.LogInfo] [[0 0 0 0 0 0 0 0 0 0 0 0 0 0 0 0 0 0 0 0 0 0 0 0 0 0 0 0 0 0 0 0 0 0 0 0 0 0 0 0 0 0 0 0 0 0 0 0]]
2018-01-25/23:17:47 [INF] [log.go:22] [_/E_/golang/src/service/tools.LogInfo] [[0 0 0 0 0 0 0 0 0 0 0 0 0 0 0 0 0 0 0 0 0 0 0 0 0 0 0 0 0 0 0 0 0 0 0 0 0 0 0 0 0 0 0 0 0 0 0 0]]
2018-01-26/07:45:35 [INF] [log.go:22] [_/E_/golang/src/service/tools.LogInfo] [[177 186 61 29 94 161 31 187 33 61 53 124 251 167 156 156 217 37 161 240 223 27 66 218 177 166 121 163 213 178 211 152 206 20 155 190 206 228 190 153 19 110 253 234 187 185 214 82]]
